[1013/120853:WARNING:dns_config_service_win.cc(674)] Failed to read DnsConfig.
[1013/124950:WARNING:dns_config_service_win.cc(674)] Failed to read DnsConfig.
[1013/124950:WARNING:dns_config_service_win.cc(674)] Failed to read DnsConfig.
[1013/143422:WARNING:dns_config_service_win.cc(674)] Failed to read DnsConfig.
[1013/150632:INFO:exception_record.cc(518)] [QB]Process ID: 14536 Type: 2
[1013/150655:INFO:http_cache_transaction.cc(72)] IgnoreZeroCacheError: 0
[1013/151226:WARNING:dns_config_service_win.cc(674)] Failed to read DnsConfig.
[1013/151227:WARNING:dns_config_service_win.cc(674)] Failed to read DnsConfig.
[1013/152018:WARNING:dns_config_service_win.cc(674)] Failed to read DnsConfig.
[1013/152023:WARNING:dns_config_service_win.cc(674)] Failed to read DnsConfig.
[1013/152028:WARNING:dns_config_service_win.cc(674)] Failed to read DnsConfig.
[1013/152033:WARNING:dns_config_service_win.cc(674)] Failed to read DnsConfig.
[1013/152038:WARNING:dns_config_service_win.cc(674)] Failed to read DnsConfig.
[1013/152043:WARNING:dns_config_service_win.cc(674)] Failed to read DnsConfig.
[1013/152048:WARNING:dns_config_service_win.cc(674)] Failed to read DnsConfig.
[1013/152053:WARNING:dns_config_service_win.cc(674)] Failed to read DnsConfig.
[1013/152058:WARNING:dns_config_service_win.cc(674)] Failed to read DnsConfig.
[1013/152103:WARNING:dns_config_service_win.cc(674)] Failed to read DnsConfig.
[1013/152108:WARNING:dns_config_service_win.cc(674)] Failed to read DnsConfig.
[1013/152113:WARNING:dns_config_service_win.cc(674)] Failed to read DnsConfig.
[1013/152118:WARNING:dns_config_service_win.cc(674)] Failed to read DnsConfig.
[1013/152123:WARNING:dns_config_service_win.cc(674)] Failed to read DnsConfig.
[1013/152128:WARNING:dns_config_service_win.cc(674)] Failed to read DnsConfig.
[1013/152133:WARNING:dns_config_service_win.cc(674)] Failed to read DnsConfig.
[1013/152138:WARNING:dns_config_service_win.cc(674)] Failed to read DnsConfig.
[1013/152305:WARNING:dns_config_service_win.cc(674)] Failed to read DnsConfig.
[1013/152305:WARNING:dns_config_service_win.cc(674)] Failed to read DnsConfig.
[1013/173857:WARNING:dns_config_service_win.cc(674)] Failed to read DnsConfig.
[1013/173902:WARNING:dns_config_service_win.cc(674)] Failed to read DnsConfig.
[1013/173907:WARNING:dns_config_service_win.cc(674)] Failed to read DnsConfig.
[1013/173912:WARNING:dns_config_service_win.cc(674)] Failed to read DnsConfig.
[1013/173917:WARNING:dns_config_service_win.cc(674)] Failed to read DnsConfig.
[1013/173922:WARNING:dns_config_service_win.cc(674)] Failed to read DnsConfig.
[1013/173927:WARNING:dns_config_service_win.cc(674)] Failed to read DnsConfig.
[1013/173932:WARNING:dns_config_service_win.cc(674)] Failed to read DnsConfig.
[1013/173937:WARNING:dns_config_service_win.cc(674)] Failed to read DnsConfig.
[1013/173942:WARNING:dns_config_service_win.cc(674)] Failed to read DnsConfig.
[1013/173947:WARNING:dns_config_service_win.cc(674)] Failed to read DnsConfig.
[1013/173952:WARNING:dns_config_service_win.cc(674)] Failed to read DnsConfig.
[1013/173958:WARNING:dns_config_service_win.cc(674)] Failed to read DnsConfig.
[1013/174003:WARNING:dns_config_service_win.cc(674)] Failed to read DnsConfig.
[1013/174008:WARNING:dns_config_service_win.cc(674)] Failed to read DnsConfig.
[1013/174013:WARNING:dns_config_service_win.cc(674)] Failed to read DnsConfig.
[1013/174018:WARNING:dns_config_service_win.cc(674)] Failed to read DnsConfig.
[1013/174023:WARNING:dns_config_service_win.cc(674)] Failed to read DnsConfig.
[1013/174028:WARNING:dns_config_service_win.cc(674)] Failed to read DnsConfig.
[1013/174033:WARNING:dns_config_service_win.cc(674)] Failed to read DnsConfig.
[1013/174038:WARNING:dns_config_service_win.cc(674)] Failed to read DnsConfig.
[1013/174043:WARNING:dns_config_service_win.cc(674)] Failed to read DnsConfig.
[1013/174048:WARNING:dns_config_service_win.cc(674)] Failed to read DnsConfig.
[1013/174053:WARNING:dns_config_service_win.cc(674)] Failed to read DnsConfig.
[1013/174058:WARNING:dns_config_service_win.cc(674)] Failed to read DnsConfig.
[1013/174103:WARNING:dns_config_service_win.cc(674)] Failed to read DnsConfig.
[1013/174108:WARNING:dns_config_service_win.cc(674)] Failed to read DnsConfig.
[1013/174113:WARNING:dns_config_service_win.cc(674)] Failed to read DnsConfig.
[1013/174118:WARNING:dns_config_service_win.cc(674)] Failed to read DnsConfig.
[1013/174123:WARNING:dns_config_service_win.cc(674)] Failed to read DnsConfig.
[1013/174128:WARNING:dns_config_service_win.cc(674)] Failed to read DnsConfig.
[1013/174133:WARNING:dns_config_service_win.cc(674)] Failed to read DnsConfig.
[1013/174138:WARNING:dns_config_service_win.cc(674)] Failed to read DnsConfig.
[1013/174143:WARNING:dns_config_service_win.cc(674)] Failed to read DnsConfig.
[1013/174148:WARNING:dns_config_service_win.cc(674)] Failed to read DnsConfig.
[1013/174153:WARNING:dns_config_service_win.cc(674)] Failed to read DnsConfig.
[1013/174153:WARNING:dns_config_service_win.cc(674)] Failed to read DnsConfig.
[1013/203035:WARNING:dns_config_service_win.cc(674)] Failed to read DnsConfig.
[1013/203040:WARNING:dns_config_service_win.cc(674)] Failed to read DnsConfig.
[1013/203045:WARNING:dns_config_service_win.cc(674)] Failed to read DnsConfig.
[1013/203050:WARNING:dns_config_service_win.cc(674)] Failed to read DnsConfig.
[1013/203055:WARNING:dns_config_service_win.cc(674)] Failed to read DnsConfig.
[1013/203100:WARNING:dns_config_service_win.cc(674)] Failed to read DnsConfig.
[1013/203105:WARNING:dns_config_service_win.cc(674)] Failed to read DnsConfig.
[1013/203110:WARNING:dns_config_service_win.cc(674)] Failed to read DnsConfig.
[1013/203115:WARNING:dns_config_service_win.cc(674)] Failed to read DnsConfig.
[1013/203120:WARNING:dns_config_service_win.cc(674)] Failed to read DnsConfig.
[1013/203125:WARNING:dns_config_service_win.cc(674)] Failed to read DnsConfig.
[1013/203130:WARNING:dns_config_service_win.cc(674)] Failed to read DnsConfig.
[1013/203135:WARNING:dns_config_service_win.cc(674)] Failed to read DnsConfig.
[1013/203140:WARNING:dns_config_service_win.cc(674)] Failed to read DnsConfig.
[1013/203145:WARNING:dns_config_service_win.cc(674)] Failed to read DnsConfig.
[1013/203150:WARNING:dns_config_service_win.cc(674)] Failed to read DnsConfig.
[1013/203155:WARNING:dns_config_service_win.cc(674)] Failed to read DnsConfig.
[1013/203200:WARNING:dns_config_service_win.cc(674)] Failed to read DnsConfig.
[1013/203205:WARNING:dns_config_service_win.cc(674)] Failed to read DnsConfig.
[1013/203211:WARNING:dns_config_service_win.cc(674)] Failed to read DnsConfig.
[1013/203216:WARNING:dns_config_service_win.cc(674)] Failed to read DnsConfig.
[1013/203221:WARNING:dns_config_service_win.cc(674)] Failed to read DnsConfig.
[1013/203226:WARNING:dns_config_service_win.cc(674)] Failed to read DnsConfig.
[1013/203231:WARNING:dns_config_service_win.cc(674)] Failed to read DnsConfig.
[1013/203236:WARNING:dns_config_service_win.cc(674)] Failed to read DnsConfig.
[1013/203241:WARNING:dns_config_service_win.cc(674)] Failed to read DnsConfig.
[1013/203246:WARNING:dns_config_service_win.cc(674)] Failed to read DnsConfig.
[1013/203251:WARNING:dns_config_service_win.cc(674)] Failed to read DnsConfig.
[1013/203256:WARNING:dns_config_service_win.cc(674)] Failed to read DnsConfig.
[1013/203301:WARNING:dns_config_service_win.cc(674)] Failed to read DnsConfig.
[1013/203306:WARNING:dns_config_service_win.cc(674)] Failed to read DnsConfig.
[1013/203311:WARNING:dns_config_service_win.cc(674)] Failed to read DnsConfig.
[1013/203316:WARNING:dns_config_service_win.cc(674)] Failed to read DnsConfig.
[1013/203321:WARNING:dns_config_service_win.cc(674)] Failed to read DnsConfig.
[1013/203326:WARNING:dns_config_service_win.cc(674)] Failed to read DnsConfig.
[1013/203331:WARNING:dns_config_service_win.cc(674)] Failed to read DnsConfig.
[1013/203336:WARNING:dns_config_service_win.cc(674)] Failed to read DnsConfig.
[1013/205533:INFO:exception_record.cc(518)] [QB]Process ID: 18144 Type: 2
[1013/205806:WARNING:dns_config_service_win.cc(674)] Failed to read DnsConfig.
[1013/205811:WARNING:dns_config_service_win.cc(674)] Failed to read DnsConfig.
[1013/205816:WARNING:dns_config_service_win.cc(674)] Failed to read DnsConfig.
[1013/205821:WARNING:dns_config_service_win.cc(674)] Failed to read DnsConfig.
[1013/205826:WARNING:dns_config_service_win.cc(674)] Failed to read DnsConfig.
[1013/205831:WARNING:dns_config_service_win.cc(674)] Failed to read DnsConfig.
[1013/205836:WARNING:dns_config_service_win.cc(674)] Failed to read DnsConfig.
[1013/205841:WARNING:dns_config_service_win.cc(674)] Failed to read DnsConfig.
[1013/205846:WARNING:dns_config_service_win.cc(674)] Failed to read DnsConfig.
[1013/205851:WARNING:dns_config_service_win.cc(674)] Failed to read DnsConfig.
[1013/205856:WARNING:dns_config_service_win.cc(674)] Failed to read DnsConfig.
[1013/205901:WARNING:dns_config_service_win.cc(674)] Failed to read DnsConfig.
[1013/205906:WARNING:dns_config_service_win.cc(674)] Failed to read DnsConfig.
[1013/205911:WARNING:dns_config_service_win.cc(674)] Failed to read DnsConfig.
[1014/122528:INFO:exception_record.cc(518)] [QB]Process ID: 17036 Type: 4
[1014/122533:WARNING:dns_config_service_win.cc(674)] Failed to read DnsConfig.
[1014/122538:INFO:exception_record.cc(518)] [QB]Process ID: 15568 Type: 4
[1014/133938:INFO:exception_record.cc(518)] [QB]Process ID: 17088 Type: 2
[1014/133949:INFO:http_cache_transaction.cc(72)] IgnoreZeroCacheError: 0
[1014/134424:INFO:exception_record.cc(518)] [QB]Process ID: 3304 Type: 2
[1014/134427:WARNING:quota_manager.cc(1833)] Create directory failed for path
[1014/134427:WARNING:quota_manager.cc(1833)] Create directory failed for path
[1014/141427:WARNING:quota_manager.cc(1833)] Create directory failed for path
[1014/141427:WARNING:quota_manager.cc(1833)] Create directory failed for path
[1014/141607:INFO:exception_record.cc(518)] [QB]Process ID: 17692 Type: 2
[1014/141615:WARNING:spdy_session.cc(2455)] Received HEADERS for invalid stream 5
[1014/142050:INFO:exception_record.cc(518)] [QB]Process ID: 16504 Type: 2
[1014/144251:INFO:exception_record.cc(518)] [QB]Process ID: 2728 Type: 2
[1014/144427:WARNING:quota_manager.cc(1833)] Create directory failed for path
[1014/151427:WARNING:quota_manager.cc(1833)] Create directory failed for path
[1014/154427:WARNING:quota_manager.cc(1833)] Create directory failed for path
[1014/161427:WARNING:quota_manager.cc(1833)] Create directory failed for path
[1014/164430:WARNING:quota_manager.cc(1833)] Create directory failed for path
[1014/171430:WARNING:quota_manager.cc(1833)] Create directory failed for path
[1014/174430:WARNING:quota_manager.cc(1833)] Create directory failed for path
[1014/181430:WARNING:quota_manager.cc(1833)] Create directory failed for path
[1014/184430:WARNING:quota_manager.cc(1833)] Create directory failed for path
[1014/191430:WARNING:quota_manager.cc(1833)] Create directory failed for path
[1014/192348:INFO:exception_record.cc(518)] [QB]Process ID: 16924 Type: 2
[1014/194430:WARNING:quota_manager.cc(1833)] Create directory failed for path
[1014/201430:WARNING:quota_manager.cc(1833)] Create directory failed for path
[1014/201808:WARNING:dns_config_service_win.cc(674)] Failed to read DnsConfig.
[1014/201808:WARNING:dns_config_service_win.cc(674)] Failed to read DnsConfig.
[1014/201813:WARNING:dns_config_service_win.cc(674)] Failed to read DnsConfig.
[1014/201813:WARNING:dns_config_service_win.cc(674)] Failed to read DnsConfig.
[1014/201818:WARNING:dns_config_service_win.cc(674)] Failed to read DnsConfig.
[1014/201818:WARNING:dns_config_service_win.cc(674)] Failed to read DnsConfig.
[1014/201823:WARNING:dns_config_service_win.cc(674)] Failed to read DnsConfig.
[1014/201823:WARNING:dns_config_service_win.cc(674)] Failed to read DnsConfig.
[1014/201826:WARNING:dns_config_service_win.cc(674)] Failed to read DnsConfig.
[1014/204430:WARNING:quota_manager.cc(1833)] Create directory failed for path
[1014/211430:WARNING:quota_manager.cc(1833)] Create directory failed for path
[1014/214430:WARNING:quota_manager.cc(1833)] Create directory failed for path
[1014/220203:WARNING:dns_config_service_win.cc(674)] Failed to read DnsConfig.
[1014/220208:WARNING:dns_config_service_win.cc(674)] Failed to read DnsConfig.
[1014/220213:WARNING:dns_config_service_win.cc(674)] Failed to read DnsConfig.
[1014/220218:WARNING:dns_config_service_win.cc(674)] Failed to read DnsConfig.
[1014/220223:WARNING:dns_config_service_win.cc(674)] Failed to read DnsConfig.
[1014/220228:WARNING:dns_config_service_win.cc(674)] Failed to read DnsConfig.
[1014/220242:WARNING:dns_config_service_win.cc(674)] Failed to read DnsConfig.
[1014/220416:WARNING:dns_config_service_win.cc(674)] Failed to read DnsConfig.
[1014/220421:WARNING:dns_config_service_win.cc(674)] Failed to read DnsConfig.
[1014/220422:WARNING:dns_config_service_win.cc(674)] Failed to read DnsConfig.
[1014/220533:WARNING:dns_config_service_win.cc(674)] Failed to read DnsConfig.
[1014/220538:WARNING:dns_config_service_win.cc(674)] Failed to read DnsConfig.
[1014/220543:WARNING:dns_config_service_win.cc(674)] Failed to read DnsConfig.
[1014/220548:WARNING:dns_config_service_win.cc(674)] Failed to read DnsConfig.
[1014/220553:WARNING:dns_config_service_win.cc(674)] Failed to read DnsConfig.
[1014/220558:WARNING:dns_config_service_win.cc(674)] Failed to read DnsConfig.
[1014/220603:WARNING:dns_config_service_win.cc(674)] Failed to read DnsConfig.
[1014/220608:WARNING:dns_config_service_win.cc(674)] Failed to read DnsConfig.
[1014/220613:WARNING:dns_config_service_win.cc(674)] Failed to read DnsConfig.
[1014/220618:WARNING:dns_config_service_win.cc(674)] Failed to read DnsConfig.
[1014/220623:WARNING:dns_config_service_win.cc(674)] Failed to read DnsConfig.
[1014/220628:WARNING:dns_config_service_win.cc(674)] Failed to read DnsConfig.
[1014/220633:WARNING:dns_config_service_win.cc(674)] Failed to read DnsConfig.
[1014/220938:WARNING:dns_config_service_win.cc(674)] Failed to read DnsConfig.
[1014/220943:WARNING:dns_config_service_win.cc(674)] Failed to read DnsConfig.
[1014/220948:WARNING:dns_config_service_win.cc(674)] Failed to read DnsConfig.
[1014/220953:WARNING:dns_config_service_win.cc(674)] Failed to read DnsConfig.
[1014/220958:WARNING:dns_config_service_win.cc(674)] Failed to read DnsConfig.
[1014/221003:WARNING:dns_config_service_win.cc(674)] Failed to read DnsConfig.
[1014/221008:WARNING:dns_config_service_win.cc(674)] Failed to read DnsConfig.
[1014/221013:WARNING:dns_config_service_win.cc(674)] Failed to read DnsConfig.
[1014/221018:WARNING:dns_config_service_win.cc(674)] Failed to read DnsConfig.
[1014/221023:WARNING:dns_config_service_win.cc(674)] Failed to read DnsConfig.
[1014/221028:WARNING:dns_config_service_win.cc(674)] Failed to read DnsConfig.
[1014/221033:WARNING:dns_config_service_win.cc(674)] Failed to read DnsConfig.
[1014/221038:WARNING:dns_config_service_win.cc(674)] Failed to read DnsConfig.
[1014/221430:WARNING:quota_manager.cc(1833)] Create directory failed for path
[1022/191532:WARNING:dns_config_service_win.cc(674)] Failed to read DnsConfig.
[1022/191537:WARNING:dns_config_service_win.cc(674)] Failed to read DnsConfig.
[1022/191542:WARNING:dns_config_service_win.cc(674)] Failed to read DnsConfig.
[1022/191547:WARNING:dns_config_service_win.cc(674)] Failed to read DnsConfig.
[1022/191552:WARNING:dns_config_service_win.cc(674)] Failed to read DnsConfig.
[1022/191557:WARNING:dns_config_service_win.cc(674)] Failed to read DnsConfig.
[1022/191602:WARNING:dns_config_service_win.cc(674)] Failed to read DnsConfig.
[1022/191607:WARNING:dns_config_service_win.cc(674)] Failed to read DnsConfig.
[1022/191612:WARNING:dns_config_service_win.cc(674)] Failed to read DnsConfig.
[1022/191617:WARNING:dns_config_service_win.cc(674)] Failed to read DnsConfig.
[1022/191622:WARNING:dns_config_service_win.cc(674)] Failed to read DnsConfig.
[1022/191627:WARNING:dns_config_service_win.cc(674)] Failed to read DnsConfig.
[1022/191632:WARNING:dns_config_service_win.cc(674)] Failed to read DnsConfig.
[1022/191637:WARNING:dns_config_service_win.cc(674)] Failed to read DnsConfig.
[1022/191642:WARNING:dns_config_service_win.cc(674)] Failed to read DnsConfig.
[1022/191647:WARNING:dns_config_service_win.cc(674)] Failed to read DnsConfig.
[1022/191652:WARNING:dns_config_service_win.cc(674)] Failed to read DnsConfig.
[1022/191657:WARNING:dns_config_service_win.cc(674)] Failed to read DnsConfig.
[1022/191702:WARNING:dns_config_service_win.cc(674)] Failed to read DnsConfig.
[1022/191707:WARNING:dns_config_service_win.cc(674)] Failed to read DnsConfig.
[1022/191712:WARNING:dns_config_service_win.cc(674)] Failed to read DnsConfig.
[1022/191717:WARNING:dns_config_service_win.cc(674)] Failed to read DnsConfig.
[1022/191722:WARNING:dns_config_service_win.cc(674)] Failed to read DnsConfig.
[1022/191727:WARNING:dns_config_service_win.cc(674)] Failed to read DnsConfig.
[1022/191732:WARNING:dns_config_service_win.cc(674)] Failed to read DnsConfig.
[1022/191737:WARNING:dns_config_service_win.cc(674)] Failed to read DnsConfig.
[1022/191742:WARNING:dns_config_service_win.cc(674)] Failed to read DnsConfig.
[1022/191747:WARNING:dns_config_service_win.cc(674)] Failed to read DnsConfig.
[1022/191752:WARNING:dns_config_service_win.cc(674)] Failed to read DnsConfig.
[1022/191757:WARNING:dns_config_service_win.cc(674)] Failed to read DnsConfig.
[1022/191802:WARNING:dns_config_service_win.cc(674)] Failed to read DnsConfig.
[1022/191807:WARNING:dns_config_service_win.cc(674)] Failed to read DnsConfig.
[1022/191812:WARNING:dns_config_service_win.cc(674)] Failed to read DnsConfig.
[1022/191817:WARNING:dns_config_service_win.cc(674)] Failed to read DnsConfig.
[1022/191822:WARNING:dns_config_service_win.cc(674)] Failed to read DnsConfig.
[1022/191827:WARNING:dns_config_service_win.cc(674)] Failed to read DnsConfig.
[1022/191832:WARNING:dns_config_service_win.cc(674)] Failed to read DnsConfig.
[1022/191837:WARNING:dns_config_service_win.cc(674)] Failed to read DnsConfig.
[1022/191842:WARNING:dns_config_service_win.cc(674)] Failed to read DnsConfig.
[1022/191847:WARNING:dns_config_service_win.cc(674)] Failed to read DnsConfig.
[1022/191852:WARNING:dns_config_service_win.cc(674)] Failed to read DnsConfig.
[1022/191857:WARNING:dns_config_service_win.cc(674)] Failed to read DnsConfig.
[1022/191902:WARNING:dns_config_service_win.cc(674)] Failed to read DnsConfig.
[1022/191907:WARNING:dns_config_service_win.cc(674)] Failed to read DnsConfig.
[1022/191912:WARNING:dns_config_service_win.cc(674)] Failed to read DnsConfig.
[1022/191917:WARNING:dns_config_service_win.cc(674)] Failed to read DnsConfig.
[1022/191922:WARNING:dns_config_service_win.cc(674)] Failed to read DnsConfig.
[1022/191927:WARNING:dns_config_service_win.cc(674)] Failed to read DnsConfig.
[1022/191932:WARNING:dns_config_service_win.cc(674)] Failed to read DnsConfig.
[1022/191937:WARNING:dns_config_service_win.cc(674)] Failed to read DnsConfig.
[1022/191942:WARNING:dns_config_service_win.cc(674)] Failed to read DnsConfig.
[1022/191947:WARNING:dns_config_service_win.cc(674)] Failed to read DnsConfig.
[1022/191952:WARNING:dns_config_service_win.cc(674)] Failed to read DnsConfig.
[1022/191957:WARNING:dns_config_service_win.cc(674)] Failed to read DnsConfig.
[1022/192002:WARNING:dns_config_service_win.cc(674)] Failed to read DnsConfig.
[1022/192007:WARNING:dns_config_service_win.cc(674)] Failed to read DnsConfig.
[1022/192012:WARNING:dns_config_service_win.cc(674)] Failed to read DnsConfig.
[1022/192017:WARNING:dns_config_service_win.cc(674)] Failed to read DnsConfig.
[1022/192022:WARNING:dns_config_service_win.cc(674)] Failed to read DnsConfig.
[1022/192027:WARNING:dns_config_service_win.cc(674)] Failed to read DnsConfig.
[1022/192032:WARNING:dns_config_service_win.cc(674)] Failed to read DnsConfig.
[1022/192037:WARNING:dns_config_service_win.cc(674)] Failed to read DnsConfig.
[1022/192043:WARNING:dns_config_service_win.cc(674)] Failed to read DnsConfig.
[1022/192048:WARNING:dns_config_service_win.cc(674)] Failed to read DnsConfig.
[1022/192053:WARNING:dns_config_service_win.cc(674)] Failed to read DnsConfig.
[1022/192058:WARNING:dns_config_service_win.cc(674)] Failed to read DnsConfig.
[1022/192103:WARNING:dns_config_service_win.cc(674)] Failed to read DnsConfig.
[1022/192108:WARNING:dns_config_service_win.cc(674)] Failed to read DnsConfig.
[1022/192113:WARNING:dns_config_service_win.cc(674)] Failed to read DnsConfig.
[1022/192118:WARNING:dns_config_service_win.cc(674)] Failed to read DnsConfig.
[1022/192123:WARNING:dns_config_service_win.cc(674)] Failed to read DnsConfig.
[1022/192128:WARNING:dns_config_service_win.cc(674)] Failed to read DnsConfig.
[1022/192133:WARNING:dns_config_service_win.cc(674)] Failed to read DnsConfig.
[1022/192138:WARNING:dns_config_service_win.cc(674)] Failed to read DnsConfig.
[1022/192143:WARNING:dns_config_service_win.cc(674)] Failed to read DnsConfig.
[1022/192148:WARNING:dns_config_service_win.cc(674)] Failed to read DnsConfig.
[1022/192153:WARNING:dns_config_service_win.cc(674)] Failed to read DnsConfig.
[1022/192158:WARNING:dns_config_service_win.cc(674)] Failed to read DnsConfig.
[1022/192203:WARNING:dns_config_service_win.cc(674)] Failed to read DnsConfig.
[1022/192208:WARNING:dns_config_service_win.cc(674)] Failed to read DnsConfig.
[1022/192213:WARNING:dns_config_service_win.cc(674)] Failed to read DnsConfig.
[1022/192218:WARNING:dns_config_service_win.cc(674)] Failed to read DnsConfig.
[1022/192223:WARNING:dns_config_service_win.cc(674)] Failed to read DnsConfig.
[1022/192228:WARNING:dns_config_service_win.cc(674)] Failed to read DnsConfig.
[1022/192233:WARNING:dns_config_service_win.cc(674)] Failed to read DnsConfig.
[1022/192238:WARNING:dns_config_service_win.cc(674)] Failed to read DnsConfig.
[1022/192243:WARNING:dns_config_service_win.cc(674)] Failed to read DnsConfig.
[1022/192248:WARNING:dns_config_service_win.cc(674)] Failed to read DnsConfig.
[1022/192253:WARNING:dns_config_service_win.cc(674)] Failed to read DnsConfig.
[1022/192258:WARNING:dns_config_service_win.cc(674)] Failed to read DnsConfig.
[1022/192303:WARNING:dns_config_service_win.cc(674)] Failed to read DnsConfig.
[1022/192308:WARNING:dns_config_service_win.cc(674)] Failed to read DnsConfig.
[1022/192313:WARNING:dns_config_service_win.cc(674)] Failed to read DnsConfig.
[1022/192318:WARNING:dns_config_service_win.cc(674)] Failed to read DnsConfig.
[1022/192323:WARNING:dns_config_service_win.cc(674)] Failed to read DnsConfig.
[1022/192328:WARNING:dns_config_service_win.cc(674)] Failed to read DnsConfig.
[1022/192333:WARNING:dns_config_service_win.cc(674)] Failed to read DnsConfig.
[1022/192338:WARNING:dns_config_service_win.cc(674)] Failed to read DnsConfig.
[1022/192343:WARNING:dns_config_service_win.cc(674)] Failed to read DnsConfig.
[1022/192348:WARNING:dns_config_service_win.cc(674)] Failed to read DnsConfig.
[1022/192353:WARNING:dns_config_service_win.cc(674)] Failed to read DnsConfig.
[1022/192358:WARNING:dns_config_service_win.cc(674)] Failed to read DnsConfig.
[1022/192403:WARNING:dns_config_service_win.cc(674)] Failed to read DnsConfig.
[1022/192408:WARNING:dns_config_service_win.cc(674)] Failed to read DnsConfig.
[1022/192413:WARNING:dns_config_service_win.cc(674)] Failed to read DnsConfig.
[1022/192418:WARNING:dns_config_service_win.cc(674)] Failed to read DnsConfig.
[1022/192423:WARNING:dns_config_service_win.cc(674)] Failed to read DnsConfig.
[1022/192428:WARNING:dns_config_service_win.cc(674)] Failed to read DnsConfig.
[1022/192433:WARNING:dns_config_service_win.cc(674)] Failed to read DnsConfig.
[1022/203222:WARNING:dns_config_service_win.cc(674)] Failed to read DnsConfig.
[1022/204526:WARNING:dns_config_service_win.cc(674)] Failed to read DnsConfig.
[1022/204919:WARNING:dns_config_service_win.cc(674)] Failed to read DnsConfig.
